<?xml version="1.0" encoding="UTF-8"?>
<testng-results ignored="0" total="6" passed="6" failed="0" skipped="0">
  <reporter-output>
  </reporter-output>
  <suite started-at="2022-08-22T02:11:03 EDT" name="Default suite" finished-at="2022-08-22T02:11:35 EDT" duration-ms="32789">
    <groups>
    </groups>
    <test started-at="2022-08-22T02:11:03 EDT" name="Default test" finished-at="2022-08-22T02:11:35 EDT" duration-ms="32789">
      <class name="NewTest">
        <test-method is-config="true" signature="launchWebDriver()[pri:0, instance:NewTest@479d31f3]" started-at="2022-08-22T02:11:03 EDT" name="launchWebDriver" finished-at="2022-08-22T02:11:15 EDT" duration-ms="11938" status="PASS">
          <reporter-output>
          </reporter-output>
        </test-method> <!-- launchWebDriver -->
        <test-method signature="PrintAndFetchData()[pri:1, instance:NewTest@479d31f3]" started-at="2022-08-22T02:11:15 EDT" name="PrintAndFetchData" finished-at="2022-08-22T02:11:15 EDT" duration-ms="368" status="PASS">
          <reporter-output>
          </reporter-output>
        </test-method> <!-- PrintAndFetchData -->
        <test-method signature="table()[pri:2, instance:NewTest@479d31f3]" started-at="2022-08-22T02:11:15 EDT" name="table" finished-at="2022-08-22T02:11:15 EDT" duration-ms="462" status="PASS">
          <reporter-output>
          </reporter-output>
        </test-method> <!-- table -->
        <test-method signature="htmlForm()[pri:3, instance:NewTest@479d31f3]" started-at="2022-08-22T02:11:15 EDT" name="htmlForm" finished-at="2022-08-22T02:11:16 EDT" duration-ms="425" status="PASS">
          <reporter-output>
          </reporter-output>
        </test-method> <!-- htmlForm -->
        <test-method signature="frame()[pri:4, instance:NewTest@479d31f3]" started-at="2022-08-22T02:11:16 EDT" name="frame" finished-at="2022-08-22T02:11:16 EDT" duration-ms="308" status="PASS">
          <reporter-output>
          </reporter-output>
        </test-method> <!-- frame -->
        <test-method signature="dropDown()[pri:5, instance:NewTest@479d31f3]" started-at="2022-08-22T02:11:16 EDT" name="dropDown" finished-at="2022-08-22T02:11:18 EDT" duration-ms="1554" status="PASS">
          <reporter-output>
          </reporter-output>
        </test-method> <!-- dropDown -->
        <test-method signature="gender()[pri:6, instance:NewTest@479d31f3]" started-at="2022-08-22T02:11:18 EDT" name="gender" finished-at="2022-08-22T02:11:35 EDT" duration-ms="17383" status="PASS">
          <reporter-output>
          </reporter-output>
        </test-method> <!-- gender -->
        <test-method is-config="true" signature="quitWindow()[pri:0, instance:NewTest@479d31f3]" started-at="2022-08-22T02:11:35 EDT" name="quitWindow" finished-at="2022-08-22T02:11:35 EDT" duration-ms="266" status="PASS">
          <reporter-output>
          </reporter-output>
        </test-method> <!-- quitWindow -->
      </class> <!-- NewTest -->
    </test> <!-- Default test -->
  </suite> <!-- Default suite -->
</testng-results>
