<?xml version="1.0" encoding="UTF-8"?>
<!-- Generated by org.testng.reporters.JUnitXMLReporter -->
<testsuite ignored="0" hostname="CMDLHRLT143" failures="0" tests="6" name="Default test" time="32.789" errors="0" timestamp="2022-08-22T02:11:35 EDT">
  <testcase classname="NewTest" name="PrintAndFetchData" time="0.368"/>
  <testcase classname="NewTest" name="table" time="0.462"/>
  <testcase classname="NewTest" name="htmlForm" time="0.425"/>
  <testcase classname="NewTest" name="frame" time="0.308"/>
  <testcase classname="NewTest" name="dropDown" time="1.554"/>
  <testcase classname="NewTest" name="gender" time="17.383"/>
</testsuite> <!-- Default test -->
